make all --print-data-base --no-builtin-variables --no-builtin-rules --question
# GNU Make 3.81
# Copyright (C) 2006  Free Software Foundation, Inc.
# This is free software; see the source for copying conditions.
# There is NO warranty; not even for MERCHANTABILITY or FITNESS FOR A
# PARTICULAR PURPOSE.

# This program built for i386-apple-darwin11.3.0

# Make data base, printed on Tue May 17 19:23:50 2022

# Variables

# automatic
<D = $(patsubst %/,%,$(dir $<))
# automatic
?F = $(notdir $?)
# environment
__NIX_DARWIN_SET_ENVIRONMENT_DONE = 1
# makefile (from `Makefile', line 4)
SRC = examples/c
# environment
VSCODE_LOG_NATIVE = false
# makefile (from `Makefile', line 1)
TARGET = test
# automatic
?D = $(patsubst %/,%,$(dir $?))
# automatic
@D = $(patsubst %/,%,$(dir $@))
# automatic
@F = $(notdir $@)
# makefile
CURDIR := /Users/wyattlake/Documents/Coding Projects/Haskell/basic-compiler
# makefile
SHELL = /bin/sh
# environment
VSCODE_NLS_CONFIG = {"locale":"en-us","availableLanguages":{},"_languagePackSupport":true}
# environment
_ = /usr/bin/make
# environment
XDG_CONFIG_DIRS = /Users/wyattlake/.nix-profile/etc/xdg:/run/current-system/sw/etc/xdg:/nix/var/nix/profiles/default/etc/xdg
# makefile (from `Makefile', line 1)
MAKEFILE_LIST :=  Makefile
# makefile (from `Makefile', line 10)
ASSEMBLY = $(patsubst $(SRC)/%.c, $(ASM)/%.s, $(SOURCES))
# makefile (from `Makefile', line 9)
SOURCES = $(wildcard $(SRC)/*.c)
# environment
XDG_DATA_DIRS = /Users/wyattlake/.nix-profile/share:/run/current-system/sw/share:/nix/var/nix/profiles/default/share
# environment
VSCODE_VERBOSE_LOGGING = true
# environment
__CFBundleIdentifier = com.microsoft.VSCode
# environment
VSCODE_IPC_HOOK_EXTHOST = /var/folders/c7/hzld2w6564x7jvrkl3jb8q3h0000gn/T/vscode-ipc-91bae03c-1863-4ec5-8d90-c7b17d7b753c.sock
# environment
VSCODE_CWD = /
# environment
CHROME_EXECUTABLE = /Applications/Brave Browser.app/Contents/MacOS/Brave Browser
# environment
PATH = /Library/Frameworks/Mono.framework/Versions/Current/bin/:/Users/wyattlake/.nix-profile/bin:/nix/var/nix/profiles/default/bin:/Users/wyattlake/.cargo/bin:/Users/wyattlake/.nix-profile/bin:/run/current-system/sw/bin:/nix/var/nix/profiles/default/bin:/usr/local/bin:/usr/bin:/usr/sbin:/bin:/sbin:/Users/wyattlake/.fzf/bin:/opt/local/bin:/opt/local/sbin:/Users/wyattlake/.flutter/flutter/bin:/Users/wyattlake/.local/bin:/Users/wyattlake/.cabal/bin:/Users/wyattlake/.ghcup/bin
# environment
LSCOLORS = Gxfxcxdxbxegedabagacad
# environment
NIX_USER_PROFILE_DIR = /nix/var/nix/profiles/per-user/wyattlake
# environment
VSCODE_LOG_STACK = false
# environment
ELECTRON_RUN_AS_NODE = 1
# default
.FEATURES := target-specific order-only second-expansion else-if archives jobserver check-symlink
# environment
SSH_AUTH_SOCK = /private/tmp/com.apple.launchd.YMcj13JhIA/Listeners
# automatic
%F = $(notdir $%)
# environment
DISPLAY = /private/tmp/com.apple.launchd.h4ZA9lC16h/org.xquartz:0
# environment
NIX_SSL_CERT_FILE = /etc/ssl/certs/ca-certificates.crt
# environment
VSCODE_PIPE_LOGGING = true
# environment
PWD = /Users/wyattlake/Documents/Coding Projects/Haskell/basic-compiler
# environment
ORIGINAL_XDG_CURRENT_DESKTOP = undefined
# environment
VSCODE_AMD_ENTRYPOINT = vs/workbench/api/node/extensionHostProcess
# environment
HOME = /Users/wyattlake
# default
MAKEFILEPATH := /Applications/Xcode.app/Contents/Developer/Makefiles
# environment
VSCODE_CODE_CACHE_PATH = /Users/wyattlake/Library/Application Support/Code/CachedData/da15b6fd3ef856477bf6f4fb29ba1b7af717770d
# environment
LOGNAME = wyattlake
# environment
APPLICATION_INSIGHTS_NO_DIAGNOSTIC_CHANNEL = 1
# environment
KEYTIMEOUT = 1
# environment
ZSH = /Users/wyattlake/.oh-my-zsh
# environment
VSCODE_HANDLES_UNCAUGHT_ERRORS = true
# automatic
^D = $(patsubst %/,%,$(dir $^))
# environment
XPC_FLAGS = 0x0
# default
MAKE = $(MAKE_COMMAND)
# default
MAKECMDGOALS := all
# environment
SHLVL = 1
# makefile (from `Makefile', line 5)
ASM = examples/asm
# environment
NIX_PATH = darwin-config=/Users/wyattlake/.nixpkgs/darwin-configuration.nix:/nix/var/nix/profiles/per-user/root/channels:/Users/wyattlake/.nix-defexpr/channels
# environment
NIX_PROFILES = /nix/var/nix/profiles/default /Users/wyattlake/.nix-profile
# makefile (from `Makefile', line 3)
CC = gcc
# default
MAKE_VERSION := 3.81
# environment
USER = wyattlake
# makefile
.DEFAULT_GOAL := examples/asm/test.s
# environment
LESS = -R
# automatic
%D = $(patsubst %/,%,$(dir $%))
# default
MAKE_COMMAND := /Applications/Xcode.app/Contents/Developer/usr/bin/make
# default
.VARIABLES := 
# environment
TMPDIR = /var/folders/c7/hzld2w6564x7jvrkl3jb8q3h0000gn/T/
# automatic
*F = $(notdir $*)
# environment
VSCODE_IPC_HOOK = /Users/wyattlake/Library/Application Support/Code/1.67.1-main.sock
# environment
__ETC_ZSHENV_SOURCED = 1
# makefile
MAKEFLAGS = Rrqp
# environment
MFLAGS = -Rrqp
# automatic
*D = $(patsubst %/,%,$(dir $*))
# makefile (from `Makefile', line 7)
MAIN = app/Main.hs
# environment
XPC_SERVICE_NAME = application.com.microsoft.VSCode.17667121.17667127
# automatic
+D = $(patsubst %/,%,$(dir $+))
# automatic
+F = $(notdir $+)
# environment
__CF_USER_TEXT_ENCODING = 0x1F5:0x0:0x0
# environment
COMMAND_MODE = unix2003
# default
MAKEFILES := 
# automatic
<F = $(notdir $<)
# environment
EDITOR = nano
# environment
PAGER = less -R
# environment
LC_ALL = C
# automatic
^F = $(notdir $^)
# default
SUFFIXES := 
# environment
SDKROOT = /Applications/Xcode.app/Contents/Developer/Platforms/MacOSX.platform/Developer/SDKs/MacOSX12.3.sdk
# default
.INCLUDE_DIRS = /usr/local/include
# environment
MAKELEVEL := 0
# environment
LANG = C
# environment
TERM = 
# environment
VSCODE_PID = 44940
# variable set hash-table stats:
# Load=87/1024=8%, Rehash=0, Collisions=2/118=2%

# Pattern-specific Variable Values

# No pattern-specific variable values.

# Directories

# . (device 16777221, inode 18079623): 18 files, no impossibilities.
# examples/c (device 16777221, inode 18318366): 4 files, no impossibilities.

# 22 files, no impossibilities in 2 directories.

# Implicit Rules

# No implicit rules.

# Files

examples/asm/test.s: examples/c/test.c examples/c/test2.c
#  Implicit rule search has not been done.
#  Modification time never checked.
#  File has not been updated.
#  commands to execute (from `Makefile', line 13):
	stack run $<
	

# Not a target:
all:
#  Command-line target.
#  Implicit rule search has been done.
#  File does not exist.
#  File has not been updated.
# variable set hash-table stats:
# Load=0/32=0%, Rehash=0, Collisions=0/0=0%

# Not a target:
.SUFFIXES:
#  Implicit rule search has not been done.
#  Modification time never checked.
#  File has not been updated.

# Not a target:
Makefile:
#  Implicit rule search has been done.
#  Last modified 2022-05-17 19:18:25
#  File has been updated.
#  Successfully updated.
# variable set hash-table stats:
# Load=0/32=0%, Rehash=0, Collisions=0/0=0%

examples/asm/test2.s: examples/c/test.c examples/c/test2.c
#  Implicit rule search has not been done.
#  Modification time never checked.
#  File has not been updated.
#  commands to execute (from `Makefile', line 13):
	stack run $<
	

# Not a target:
examples/c/test.c:
#  Implicit rule search has not been done.
#  Modification time never checked.
#  File has not been updated.

# Not a target:
.DEFAULT:
#  Implicit rule search has not been done.
#  Modification time never checked.
#  File has not been updated.

clean:
#  Implicit rule search has not been done.
#  Modification time never checked.
#  File has not been updated.
#  commands to execute (from `Makefile', line 16):
	rm -rf $(TARGET) $(ASSEMBLY) 
	

# Not a target:
examples/c/test2.c:
#  Implicit rule search has not been done.
#  Modification time never checked.
#  File has not been updated.

# files hash-table stats:
# Load=9/1024=1%, Rehash=0, Collisions=0/25=0%
# VPATH Search Paths

# No `vpath' search paths.

# No general (`VPATH' variable) search path.

# # of strings in strcache: 1
# # of strcache buffers: 1
# strcache size: total = 4096 / max = 4096 / min = 4096 / avg = 4096
# strcache free: total = 4087 / max = 4087 / min = 4087 / avg = 4087

# Finished Make data base on Tue May 17 19:23:50 2022

 
make: *** No rule to make target `all'.  Stop.

